<?xml version="1.0" encoding="UTF-8"?>
<!-- Generated by org.testng.reporters.JUnitXMLReporter -->
<testsuite ignored="0" hostname="Narsimulu" failures="0" tests="8" name="Test" time="0.356" errors="0" timestamp="2023-03-12T19:46:49 IST">
  <testcase classname="testNG_Practice.Dependency_On_Groups" name="test1" time="0.039"/>
  <testcase classname="testNG_Practice.Dependency_On_Groups" name="test2" time="0.002"/>
  <testcase classname="testNG_Practice.Dependency_On_Groups" name="test3" time="0.004"/>
  <testcase classname="testNG_Practice.Dependency_On_Groups" name="test4" time="0.005"/>
  <testcase classname="testNG_Practice.Dependency_On_Groups" name="test5" time="0.004"/>
  <testcase classname="testNG_Practice.Dependency_On_Groups" name="test6" time="0.003"/>
  <testcase classname="testNG_Practice.Dependency_On_Groups" name="test7" time="0.004"/>
  <testcase classname="testNG_Practice.Dependency_On_Groups" name="test0" time="0.02"/>
</testsuite> <!-- Test -->
